Start testing: Nov 28 15:28 -03
----------------------------------------------------------
1/2 Testing: sdsl::int_vector basic operations
1/2 Test: sdsl::int_vector basic operations
Command: "/home/cfnts/WS/trabajoadelantado/build/tests.x" "sdsl::int_vector basic operations"
Directory: /home/cfnts/WS/trabajoadelantado/build
"sdsl::int_vector basic operations" start time: Nov 28 15:28 -03
Output:
----------------------------------------------------------
Filters: "sdsl::int_vector basic operations"
Randomness seeded to: 3717838949
===============================================================================
All tests passed (3 assertions in 1 test case)

<end of output>
Test time =   0.00 sec
----------------------------------------------------------
Test Passed.
"sdsl::int_vector basic operations" end time: Nov 28 15:28 -03
"sdsl::int_vector basic operations" time elapsed: 00:00:00
----------------------------------------------------------

2/2 Testing: WaveletMatrix access operation
2/2 Test: WaveletMatrix access operation
Command: "/home/cfnts/WS/trabajoadelantado/build/tests.x" "WaveletMatrix access operation"
Directory: /home/cfnts/WS/trabajoadelantado/build
"WaveletMatrix access operation" start time: Nov 28 15:28 -03
Output:
----------------------------------------------------------
Filters: "WaveletMatrix access operation"
Randomness seeded to: 1896792871
===============================================================================
All tests passed (9 assertions in 1 test case)

<end of output>
Test time =   0.00 sec
----------------------------------------------------------
Test Passed.
"WaveletMatrix access operation" end time: Nov 28 15:28 -03
"WaveletMatrix access operation" time elapsed: 00:00:00
----------------------------------------------------------

End testing: Nov 28 15:28 -03
